<?xml version="1.0" encoding="UTF-8"?>
<!-- Generated by org.testng.reporters.JUnitReportReporter -->
<testsuite skipped="0" hostname="TNQ-BCP-400" name="testCases.CombinedJDBCArtFlow" tests="1" failures="0" timestamp="08 Jun 2020 08:56:37 GMT" time="100.198" errors="0">
  <testcase name="eWorkflowUI" time="100.198" classname="testCases.CombinedJDBCArtFlow"/>
</testsuite> <!-- testCases.CombinedJDBCArtFlow -->
