<?xml version="1.0" encoding="UTF-8"?>
<!-- Generated by org.testng.reporters.JUnitReportReporter -->
<testsuite skipped="0" hostname="TNQ-BCP-400" name="tests.LoginTest" tests="1" failures="0" timestamp="01 Jul 2020 20:18:09 GMT" time="104.293" errors="0">
  <testcase name="loginTest" time="104.293" classname="tests.LoginTest"/>
</testsuite> <!-- tests.LoginTest -->
