<?xml version="1.0" encoding="UTF-8"?>
<!-- Generated by org.testng.reporters.JUnitReportReporter -->
<testsuite skipped="0" hostname="TNQ-BCP-400" name="tests.LoginTest" tests="1" failures="0" timestamp="29 Jun 2020 19:32:54 GMT" time="26.842" errors="0">
  <testcase name="loginTest" time="26.842" classname="tests.LoginTest"/>
</testsuite> <!-- tests.LoginTest -->
