<?xml version="1.0" encoding="UTF-8"?>
<!-- Generated by org.testng.reporters.JUnitReportReporter -->
<testsuite skipped="0" hostname="TNQ-BCP-400" name="testCases.EworkflowLogin" tests="1" failures="0" timestamp="06 Jun 2020 05:21:07 GMT" time="51.444" errors="0">
  <testcase name="eWorkflowUI" time="51.444" classname="testCases.EworkflowLogin"/>
</testsuite> <!-- testCases.EworkflowLogin -->
