<?xml version="1.0" encoding="UTF-8"?>
<!-- Generated by org.testng.reporters.JUnitReportReporter -->
<testsuite skipped="0" hostname="TNQ-BCP-400" name="dataBase.SeleniumDataBase" tests="1" failures="0" timestamp="09 Jun 2020 10:55:01 GMT" time="0.282" errors="0">
  <testcase name="conJdbc" time="0.282" classname="dataBase.SeleniumDataBase"/>
</testsuite> <!-- dataBase.SeleniumDataBase -->
