<?xml version="1.0" encoding="UTF-8"?>
<!-- Generated by org.testng.reporters.JUnitReportReporter -->
<testsuite skipped="0" hostname="TNQ-BCP-400" name="com.learnautomation.pages.FirstTestNGScript" tests="1" failures="0" timestamp="28 May 2020 22:24:57 GMT" time="0.055" errors="0">
  <testcase name="TestNG" time="0.055" classname="com.learnautomation.pages.FirstTestNGScript"/>
</testsuite> <!-- com.learnautomation.pages.FirstTestNGScript -->
