<?xml version="1.0" encoding="UTF-8"?>
<!-- Generated by org.testng.reporters.JUnitReportReporter -->
<testsuite skipped="0" hostname="TNQ-BCP-400" name="com.learnautomation.testcases.LoginEworkflow" tests="1" failures="0" timestamp="01 Jun 2020 11:09:39 GMT" time="15.386" errors="0">
  <testcase name="loginApp" time="15.386" classname="com.learnautomation.testcases.LoginEworkflow"/>
</testsuite> <!-- com.learnautomation.testcases.LoginEworkflow -->
