<?xml version="1.0" encoding="UTF-8"?>
<!-- Generated by org.testng.reporters.JUnitReportReporter -->
<testsuite skipped="0" hostname="TNQ-BCP-400" name="tests.DummyParent" tests="1" failures="0" timestamp="29 Jun 2020 15:33:19 GMT" time="0.007" errors="0">
  <testcase name="compareHere" time="0.007" classname="tests.DummyParent"/>
</testsuite> <!-- tests.DummyParent -->
