<?xml version="1.0" encoding="UTF-8"?>
<!-- Generated by org.testng.reporters.JUnitReportReporter -->
<testsuite skipped="0" hostname="TNQ-BCP-400" name="testCases.JdBc" tests="1" failures="0" timestamp="06 Jun 2020 19:24:13 GMT" time="34.132" errors="0">
  <testcase name="jdbc" time="34.132" classname="testCases.JdBc"/>
</testsuite> <!-- testCases.JdBc -->
